{"C:\\Users\\NIL\\WebstormProjects\\NodeFramwork\\app.js":{"path":"C:\\Users\\NIL\\WebstormProjects\\NodeFramwork\\app.js","s":{"1":1,"2":1,"3":1,"4":1,"5":1,"6":1,"7":1,"8":1,"9":1,"10":1,"11":1,"12":1,"13":1,"14":1,"15":1,"16":1,"17":1,"18":1,"19":1,"20":0,"21":1,"22":1,"23":1},"b":{"1":[0,1]},"f":{"1":1,"2":1},"fnMap":{"1":{"name":"getRentals","line":22,"loc":{"start":{"line":22,"column":0},"end":{"line":22,"column":22}}},"2":{"name":"(anonymous_2)","line":28,"loc":{"start":{"line":28,"column":18},"end":{"line":28,"column":51}}}},"statementMap":{"1":{"start":{"line":1,"column":0},"end":{"line":1,"column":33}},"2":{"start":{"line":2,"column":0},"end":{"line":2,"column":20}},"3":{"start":{"line":3,"column":0},"end":{"line":3,"column":29}},"4":{"start":{"line":4,"column":0},"end":{"line":4,"column":46}},"5":{"start":{"line":5,"column":0},"end":{"line":5,"column":23}},"6":{"start":{"line":6,"column":0},"end":{"line":6,"column":27}},"7":{"start":{"line":7,"column":0},"end":{"line":7,"column":23}},"8":{"start":{"line":8,"column":0},"end":{"line":8,"column":79}},"9":{"start":{"line":9,"column":0},"end":{"line":9,"column":29}},"10":{"start":{"line":11,"column":0},"end":{"line":11,"column":33}},"11":{"start":{"line":13,"column":0},"end":{"line":13,"column":33}},"12":{"start":{"line":14,"column":0},"end":{"line":14,"column":108}},"13":{"start":{"line":17,"column":0},"end":{"line":17,"column":13}},"14":{"start":{"line":19,"column":0},"end":{"line":19,"column":34}},"15":{"start":{"line":20,"column":0},"end":{"line":20,"column":16}},"16":{"start":{"line":22,"column":0},"end":{"line":33,"column":1}},"17":{"start":{"line":23,"column":1},"end":{"line":26,"column":3}},"18":{"start":{"line":28,"column":1},"end":{"line":32,"column":4}},"19":{"start":{"line":29,"column":2},"end":{"line":29,"column":36}},"20":{"start":{"line":29,"column":13},"end":{"line":29,"column":36}},"21":{"start":{"line":30,"column":2},"end":{"line":30,"column":52}},"22":{"start":{"line":31,"column":2},"end":{"line":31,"column":35}},"23":{"start":{"line":35,"column":0},"end":{"line":35,"column":21}}},"branchMap":{"1":{"line":29,"type":"if","locations":[{"start":{"line":29,"column":2},"end":{"line":29,"column":2}},{"start":{"line":29,"column":2},"end":{"line":29,"column":2}}]}}},"C:\\Users\\NIL\\WebstormProjects\\NodeFramwork\\config\\environments\\index.js":{"path":"C:\\Users\\NIL\\WebstormProjects\\NodeFramwork\\config\\environments\\index.js","s":{"1":1,"2":1,"3":1,"4":1,"5":1,"6":1},"b":{"1":[1,1],"2":[1,1]},"f":{},"fnMap":{},"statementMap":{"1":{"start":{"line":1,"column":0},"end":{"line":1,"column":46}},"2":{"start":{"line":2,"column":0},"end":{"line":2,"column":25}},"3":{"start":{"line":3,"column":0},"end":{"line":3,"column":36}},"4":{"start":{"line":4,"column":0},"end":{"line":4,"column":53}},"5":{"start":{"line":5,"column":0},"end":{"line":5,"column":25}},"6":{"start":{"line":6,"column":0},"end":{"line":6,"column":22}}},"branchMap":{"1":{"line":1,"type":"binary-expr","locations":[{"start":{"line":1,"column":8},"end":{"line":1,"column":28}},{"start":{"line":1,"column":32},"end":{"line":1,"column":45}}]},"2":{"line":4,"type":"binary-expr","locations":[{"start":{"line":4,"column":12},"end":{"line":4,"column":23}},{"start":{"line":4,"column":27},"end":{"line":4,"column":52}}]}}},"C:\\Users\\NIL\\WebstormProjects\\NodeFramwork\\config\\express.js":{"path":"C:\\Users\\NIL\\WebstormProjects\\NodeFramwork\\config\\express.js","s":{"1":1,"2":1,"3":1,"4":1,"5":1,"6":1,"7":1,"8":1,"9":1,"10":1,"11":1,"12":1,"13":1,"14":1,"15":1,"16":1,"17":1,"18":1,"19":1,"20":1,"21":1,"22":1,"23":0,"24":1,"25":1,"26":1,"27":1,"28":1,"29":1,"30":1,"31":1,"32":1,"33":1,"34":1,"35":1,"36":1,"37":1,"38":1,"39":1,"40":1,"41":1},"b":{"1":[0,1],"2":[1,1,1],"3":[1,0],"4":[1,0]},"f":{"1":1,"2":1,"3":1},"fnMap":{"1":{"name":"setupCORS","line":31,"loc":{"start":{"line":31,"column":0},"end":{"line":31,"column":24}}},"2":{"name":"getAppPath","line":39,"loc":{"start":{"line":39,"column":0},"end":{"line":39,"column":25}}},"3":{"name":"configureApp","line":51,"loc":{"start":{"line":51,"column":0},"end":{"line":51,"column":27}}}},"statementMap":{"1":{"start":{"line":3,"column":0},"end":{"line":29,"column":2}},"2":{"start":{"line":4,"column":1},"end":{"line":4,"column":34}},"3":{"start":{"line":5,"column":1},"end":{"line":5,"column":28}},"4":{"start":{"line":6,"column":1},"end":{"line":6,"column":32}},"5":{"start":{"line":7,"column":1},"end":{"line":7,"column":44}},"6":{"start":{"line":10,"column":1},"end":{"line":10,"column":37}},"7":{"start":{"line":13,"column":1},"end":{"line":13,"column":24}},"8":{"start":{"line":16,"column":1},"end":{"line":16,"column":16}},"9":{"start":{"line":19,"column":1},"end":{"line":19,"column":27}},"10":{"start":{"line":20,"column":1},"end":{"line":20,"column":29}},"11":{"start":{"line":23,"column":1},"end":{"line":23,"column":19}},"12":{"start":{"line":25,"column":1},"end":{"line":25,"column":74}},"13":{"start":{"line":28,"column":1},"end":{"line":28,"column":25}},"14":{"start":{"line":31,"column":0},"end":{"line":37,"column":1}},"15":{"start":{"line":32,"column":1},"end":{"line":32,"column":28}},"16":{"start":{"line":33,"column":1},"end":{"line":35,"column":3}},"17":{"start":{"line":36,"column":1},"end":{"line":36,"column":28}},"18":{"start":{"line":39,"column":0},"end":{"line":49,"column":1}},"19":{"start":{"line":40,"column":1},"end":{"line":40,"column":28}},"20":{"start":{"line":41,"column":1},"end":{"line":41,"column":40}},"21":{"start":{"line":42,"column":1},"end":{"line":42,"column":26}},"22":{"start":{"line":44,"column":1},"end":{"line":48,"column":2}},"23":{"start":{"line":45,"column":2},"end":{"line":45,"column":42}},"24":{"start":{"line":46,"column":8},"end":{"line":48,"column":2}},"25":{"start":{"line":47,"column":2},"end":{"line":47,"column":44}},"26":{"start":{"line":51,"column":0},"end":{"line":79,"column":1}},"27":{"start":{"line":52,"column":1},"end":{"line":52,"column":41}},"28":{"start":{"line":53,"column":1},"end":{"line":53,"column":49}},"29":{"start":{"line":54,"column":1},"end":{"line":54,"column":45}},"30":{"start":{"line":55,"column":1},"end":{"line":55,"column":40}},"31":{"start":{"line":56,"column":1},"end":{"line":56,"column":32}},"32":{"start":{"line":59,"column":1},"end":{"line":59,"column":72}},"33":{"start":{"line":60,"column":1},"end":{"line":60,"column":70}},"34":{"start":{"line":61,"column":1},"end":{"line":61,"column":67}},"35":{"start":{"line":64,"column":1},"end":{"line":64,"column":49}},"36":{"start":{"line":65,"column":1},"end":{"line":65,"column":47}},"37":{"start":{"line":66,"column":1},"end":{"line":66,"column":32}},"38":{"start":{"line":69,"column":1},"end":{"line":69,"column":27}},"39":{"start":{"line":72,"column":1},"end":{"line":74,"column":4}},"40":{"start":{"line":76,"column":1},"end":{"line":76,"column":25}},"41":{"start":{"line":78,"column":1},"end":{"line":78,"column":37}}},"branchMap":{"1":{"line":44,"type":"if","locations":[{"start":{"line":44,"column":1},"end":{"line":44,"column":1}},{"start":{"line":44,"column":1},"end":{"line":44,"column":1}}]},"2":{"line":44,"type":"binary-expr","locations":[{"start":{"line":44,"column":5},"end":{"line":44,"column":25}},{"start":{"line":44,"column":29},"end":{"line":44,"column":46}},{"start":{"line":44,"column":50},"end":{"line":44,"column":63}}]},"3":{"line":46,"type":"if","locations":[{"start":{"line":46,"column":8},"end":{"line":46,"column":8}},{"start":{"line":46,"column":8},"end":{"line":46,"column":8}}]},"4":{"line":46,"type":"binary-expr","locations":[{"start":{"line":46,"column":12},"end":{"line":46,"column":33}},{"start":{"line":46,"column":37},"end":{"line":46,"column":51}}]}}},"C:\\Users\\NIL\\WebstormProjects\\NodeFramwork\\config\\logger.js":{"path":"C:\\Users\\NIL\\WebstormProjects\\NodeFramwork\\config\\logger.js","s":{"1":1,"2":1,"3":1,"4":1,"5":1,"6":0,"7":1},"b":{},"f":{"1":0},"fnMap":{"1":{"name":"(anonymous_1)","line":17,"loc":{"start":{"line":17,"column":19},"end":{"line":17,"column":34}}}},"statementMap":{"1":{"start":{"line":1,"column":0},"end":{"line":1,"column":33}},"2":{"start":{"line":2,"column":0},"end":{"line":2,"column":31}},"3":{"start":{"line":3,"column":0},"end":{"line":3,"column":88}},"4":{"start":{"line":4,"column":0},"end":{"line":16,"column":3}},"5":{"start":{"line":17,"column":0},"end":{"line":19,"column":3}},"6":{"start":{"line":18,"column":4},"end":{"line":18,"column":53}},"7":{"start":{"line":20,"column":0},"end":{"line":20,"column":24}}},"branchMap":{}},"C:\\Users\\NIL\\WebstormProjects\\NodeFramwork\\modules\\index.js":{"path":"C:\\Users\\NIL\\WebstormProjects\\NodeFramwork\\modules\\index.js","s":{"1":1,"2":1,"3":1,"4":1,"5":1,"6":1,"7":1,"8":1,"9":4,"10":4,"11":3,"12":3},"b":{"1":[4,4]},"f":{"1":1,"2":1,"3":4,"4":3},"fnMap":{"1":{"name":"(anonymous_1)","line":10,"loc":{"start":{"line":10,"column":12},"end":{"line":10,"column":18}}},"2":{"name":"(anonymous_2)","line":16,"loc":{"start":{"line":16,"column":12},"end":{"line":16,"column":18}}},"3":{"name":"(anonymous_3)","line":17,"loc":{"start":{"line":17,"column":41},"end":{"line":17,"column":57}}},"4":{"name":"(anonymous_4)","line":20,"loc":{"start":{"line":20,"column":13},"end":{"line":20,"column":29}}}},"statementMap":{"1":{"start":{"line":5,"column":0},"end":{"line":5,"column":34}},"2":{"start":{"line":6,"column":0},"end":{"line":6,"column":23}},"3":{"start":{"line":7,"column":0},"end":{"line":7,"column":49}},"4":{"start":{"line":8,"column":0},"end":{"line":8,"column":42}},"5":{"start":{"line":9,"column":0},"end":{"line":25,"column":2}},"6":{"start":{"line":12,"column":2},"end":{"line":12,"column":60}},"7":{"start":{"line":13,"column":2},"end":{"line":13,"column":24}},"8":{"start":{"line":17,"column":2},"end":{"line":23,"column":5}},"9":{"start":{"line":18,"column":3},"end":{"line":18,"column":51}},"10":{"start":{"line":19,"column":3},"end":{"line":19,"column":59}},"11":{"start":{"line":21,"column":3},"end":{"line":21,"column":49}},"12":{"start":{"line":22,"column":3},"end":{"line":22,"column":21}}},"branchMap":{"1":{"line":19,"type":"binary-expr","locations":[{"start":{"line":19,"column":11},"end":{"line":19,"column":34}},{"start":{"line":19,"column":38},"end":{"line":19,"column":57}}]}}},"C:\\Users\\NIL\\WebstormProjects\\NodeFramwork\\libs\\response.js":{"path":"C:\\Users\\NIL\\WebstormProjects\\NodeFramwork\\libs\\response.js","s":{"1":1,"2":1,"3":1,"4":1,"5":7,"6":7,"7":7,"8":7,"9":5,"10":5,"11":0,"12":0,"13":5,"14":5,"15":2,"16":1},"b":{"1":[5,2],"2":[0,5]},"f":{"1":1,"2":1,"3":7,"4":7,"5":5},"fnMap":{"1":{"name":"Response","line":3,"loc":{"start":{"line":3,"column":0},"end":{"line":3,"column":20}}},"2":{"name":"(anonymous_2)","line":9,"loc":{"start":{"line":9,"column":20},"end":{"line":9,"column":47}}},"3":{"name":"(anonymous_3)","line":10,"loc":{"start":{"line":10,"column":9},"end":{"line":10,"column":35}}},"4":{"name":"(anonymous_4)","line":11,"loc":{"start":{"line":11,"column":38},"end":{"line":11,"column":54}}},"5":{"name":"(anonymous_5)","line":17,"loc":{"start":{"line":17,"column":59},"end":{"line":17,"column":82}}}},"statementMap":{"1":{"start":{"line":1,"column":0},"end":{"line":1,"column":34}},"2":{"start":{"line":3,"column":0},"end":{"line":34,"column":1}},"3":{"start":{"line":9,"column":1},"end":{"line":33,"column":2}},"4":{"start":{"line":10,"column":2},"end":{"line":32,"column":4}},"5":{"start":{"line":11,"column":3},"end":{"line":14,"column":6}},"6":{"start":{"line":12,"column":4},"end":{"line":12,"column":38}},"7":{"start":{"line":13,"column":4},"end":{"line":13,"column":33}},"8":{"start":{"line":15,"column":3},"end":{"line":31,"column":4}},"9":{"start":{"line":17,"column":4},"end":{"line":28,"column":7}},"10":{"start":{"line":18,"column":5},"end":{"line":27,"column":6}},"11":{"start":{"line":19,"column":6},"end":{"line":19,"column":58}},"12":{"start":{"line":20,"column":6},"end":{"line":23,"column":9}},"13":{"start":{"line":25,"column":6},"end":{"line":25,"column":48}},"14":{"start":{"line":26,"column":6},"end":{"line":26,"column":13}},"15":{"start":{"line":30,"column":4},"end":{"line":30,"column":11}},"16":{"start":{"line":36,"column":0},"end":{"line":36,"column":26}}},"branchMap":{"1":{"line":15,"type":"if","locations":[{"start":{"line":15,"column":3},"end":{"line":15,"column":3}},{"start":{"line":15,"column":3},"end":{"line":15,"column":3}}]},"2":{"line":18,"type":"if","locations":[{"start":{"line":18,"column":5},"end":{"line":18,"column":5}},{"start":{"line":18,"column":5},"end":{"line":18,"column":5}}]}}},"C:\\Users\\NIL\\WebstormProjects\\NodeFramwork\\modules\\auth\\index.js":{"path":"C:\\Users\\NIL\\WebstormProjects\\NodeFramwork\\modules\\auth\\index.js","s":{"1":1,"2":1,"3":1,"4":1,"5":2,"6":2,"7":2,"8":2,"9":2,"10":2,"11":1,"12":1,"13":1,"14":1,"15":1,"16":1,"17":1,"18":1},"b":{"1":[1,1]},"f":{"1":1,"2":2},"fnMap":{"1":{"name":"(anonymous_1)","line":15,"loc":{"start":{"line":15,"column":12},"end":{"line":15,"column":18}}},"2":{"name":"(anonymous_2)","line":24,"loc":{"start":{"line":24,"column":6},"end":{"line":24,"column":17}}}},"statementMap":{"1":{"start":{"line":1,"column":0},"end":{"line":1,"column":48}},"2":{"start":{"line":2,"column":0},"end":{"line":2,"column":34}},"3":{"start":{"line":14,"column":0},"end":{"line":51,"column":2}},"4":{"start":{"line":16,"column":2},"end":{"line":16,"column":32}},"5":{"start":{"line":25,"column":2},"end":{"line":25,"column":26}},"6":{"start":{"line":26,"column":2},"end":{"line":26,"column":30}},"7":{"start":{"line":27,"column":2},"end":{"line":27,"column":36}},"8":{"start":{"line":29,"column":2},"end":{"line":29,"column":15}},"9":{"start":{"line":30,"column":2},"end":{"line":30,"column":75}},"10":{"start":{"line":32,"column":2},"end":{"line":49,"column":3}},"11":{"start":{"line":33,"column":3},"end":{"line":35,"column":6}},"12":{"start":{"line":36,"column":3},"end":{"line":36,"column":61}},"13":{"start":{"line":37,"column":3},"end":{"line":42,"column":6}},"14":{"start":{"line":44,"column":3},"end":{"line":44,"column":53}},"15":{"start":{"line":45,"column":3},"end":{"line":45,"column":17}},"16":{"start":{"line":46,"column":3},"end":{"line":46,"column":25}},"17":{"start":{"line":47,"column":3},"end":{"line":47,"column":44}},"18":{"start":{"line":48,"column":3},"end":{"line":48,"column":22}}},"branchMap":{"1":{"line":32,"type":"if","locations":[{"start":{"line":32,"column":2},"end":{"line":32,"column":2}},{"start":{"line":32,"column":2},"end":{"line":32,"column":2}}]}}},"C:\\Users\\NIL\\WebstormProjects\\NodeFramwork\\modules\\rentals\\index.js":{"path":"C:\\Users\\NIL\\WebstormProjects\\NodeFramwork\\modules\\rentals\\index.js","s":{"1":1,"2":1,"3":1,"4":1,"5":1,"6":1,"7":1,"8":1,"9":1,"10":1,"11":1,"12":1,"13":1,"14":1,"15":1,"16":1,"17":1,"18":1,"19":1,"20":1,"21":1,"22":1,"23":1,"24":1,"25":0,"26":1,"27":1,"28":1,"29":1,"30":1,"31":1,"32":1,"33":1,"34":1,"35":1,"36":1,"37":1,"38":1,"39":1,"40":1,"41":1,"42":1,"43":1,"44":1,"45":1,"46":1},"b":{"1":[1,0],"2":[1,0],"3":[1,0],"4":[1,0],"5":[1,0],"6":[1,0],"7":[1,0],"8":[1,0],"9":[1,0],"10":[1,0],"11":[1,0],"12":[1,0],"13":[1,0]},"f":{"1":1,"2":1,"3":1,"4":1,"5":1},"fnMap":{"1":{"name":"(anonymous_1)","line":6,"loc":{"start":{"line":6,"column":12},"end":{"line":6,"column":18}}},"2":{"name":"(anonymous_2)","line":18,"loc":{"start":{"line":18,"column":11},"end":{"line":18,"column":22}}},"3":{"name":"(anonymous_3)","line":27,"loc":{"start":{"line":27,"column":13},"end":{"line":27,"column":24}}},"4":{"name":"(anonymous_4)","line":69,"loc":{"start":{"line":69,"column":13},"end":{"line":69,"column":24}}},"5":{"name":"(anonymous_5)","line":109,"loc":{"start":{"line":109,"column":13},"end":{"line":109,"column":24}}}},"statementMap":{"1":{"start":{"line":1,"column":0},"end":{"line":1,"column":34}},"2":{"start":{"line":2,"column":0},"end":{"line":2,"column":32}},"3":{"start":{"line":5,"column":0},"end":{"line":113,"column":2}},"4":{"start":{"line":7,"column":2},"end":{"line":7,"column":39}},"5":{"start":{"line":8,"column":2},"end":{"line":8,"column":42}},"6":{"start":{"line":9,"column":2},"end":{"line":9,"column":47}},"7":{"start":{"line":10,"column":2},"end":{"line":10,"column":48}},"8":{"start":{"line":19,"column":2},"end":{"line":19,"column":68}},"9":{"start":{"line":28,"column":2},"end":{"line":28,"column":22}},"10":{"start":{"line":29,"column":2},"end":{"line":29,"column":63}},"11":{"start":{"line":30,"column":2},"end":{"line":61,"column":3}},"12":{"start":{"line":32,"column":3},"end":{"line":34,"column":4}},"13":{"start":{"line":33,"column":4},"end":{"line":33,"column":55}},"14":{"start":{"line":36,"column":3},"end":{"line":38,"column":4}},"15":{"start":{"line":37,"column":4},"end":{"line":37,"column":65}},"16":{"start":{"line":40,"column":3},"end":{"line":42,"column":4}},"17":{"start":{"line":41,"column":4},"end":{"line":41,"column":51}},"18":{"start":{"line":44,"column":3},"end":{"line":46,"column":4}},"19":{"start":{"line":45,"column":4},"end":{"line":45,"column":57}},"20":{"start":{"line":48,"column":3},"end":{"line":50,"column":4}},"21":{"start":{"line":49,"column":4},"end":{"line":49,"column":57}},"22":{"start":{"line":52,"column":3},"end":{"line":54,"column":4}},"23":{"start":{"line":53,"column":4},"end":{"line":53,"column":43}},"24":{"start":{"line":56,"column":3},"end":{"line":56,"column":87}},"25":{"start":{"line":59,"column":3},"end":{"line":59,"column":76}},"26":{"start":{"line":70,"column":2},"end":{"line":70,"column":22}},"27":{"start":{"line":71,"column":2},"end":{"line":71,"column":55}},"28":{"start":{"line":73,"column":2},"end":{"line":73,"column":18}},"29":{"start":{"line":74,"column":2},"end":{"line":74,"column":17}},"30":{"start":{"line":75,"column":2},"end":{"line":75,"column":22}},"31":{"start":{"line":76,"column":2},"end":{"line":78,"column":3}},"32":{"start":{"line":77,"column":3},"end":{"line":77,"column":39}},"33":{"start":{"line":80,"column":2},"end":{"line":82,"column":3}},"34":{"start":{"line":81,"column":3},"end":{"line":81,"column":49}},"35":{"start":{"line":84,"column":2},"end":{"line":86,"column":3}},"36":{"start":{"line":85,"column":3},"end":{"line":85,"column":35}},"37":{"start":{"line":88,"column":2},"end":{"line":90,"column":3}},"38":{"start":{"line":89,"column":3},"end":{"line":89,"column":41}},"39":{"start":{"line":92,"column":2},"end":{"line":94,"column":3}},"40":{"start":{"line":93,"column":3},"end":{"line":93,"column":41}},"41":{"start":{"line":96,"column":2},"end":{"line":98,"column":3}},"42":{"start":{"line":97,"column":3},"end":{"line":97,"column":27}},"43":{"start":{"line":100,"column":2},"end":{"line":100,"column":33}},"44":{"start":{"line":101,"column":2},"end":{"line":101,"column":66}},"45":{"start":{"line":110,"column":2},"end":{"line":110,"column":65}},"46":{"start":{"line":111,"column":2},"end":{"line":111,"column":66}}},"branchMap":{"1":{"line":30,"type":"if","locations":[{"start":{"line":30,"column":2},"end":{"line":30,"column":2}},{"start":{"line":30,"column":2},"end":{"line":30,"column":2}}]},"2":{"line":32,"type":"if","locations":[{"start":{"line":32,"column":3},"end":{"line":32,"column":3}},{"start":{"line":32,"column":3},"end":{"line":32,"column":3}}]},"3":{"line":36,"type":"if","locations":[{"start":{"line":36,"column":3},"end":{"line":36,"column":3}},{"start":{"line":36,"column":3},"end":{"line":36,"column":3}}]},"4":{"line":40,"type":"if","locations":[{"start":{"line":40,"column":3},"end":{"line":40,"column":3}},{"start":{"line":40,"column":3},"end":{"line":40,"column":3}}]},"5":{"line":44,"type":"if","locations":[{"start":{"line":44,"column":3},"end":{"line":44,"column":3}},{"start":{"line":44,"column":3},"end":{"line":44,"column":3}}]},"6":{"line":48,"type":"if","locations":[{"start":{"line":48,"column":3},"end":{"line":48,"column":3}},{"start":{"line":48,"column":3},"end":{"line":48,"column":3}}]},"7":{"line":52,"type":"if","locations":[{"start":{"line":52,"column":3},"end":{"line":52,"column":3}},{"start":{"line":52,"column":3},"end":{"line":52,"column":3}}]},"8":{"line":76,"type":"if","locations":[{"start":{"line":76,"column":2},"end":{"line":76,"column":2}},{"start":{"line":76,"column":2},"end":{"line":76,"column":2}}]},"9":{"line":80,"type":"if","locations":[{"start":{"line":80,"column":2},"end":{"line":80,"column":2}},{"start":{"line":80,"column":2},"end":{"line":80,"column":2}}]},"10":{"line":84,"type":"if","locations":[{"start":{"line":84,"column":2},"end":{"line":84,"column":2}},{"start":{"line":84,"column":2},"end":{"line":84,"column":2}}]},"11":{"line":88,"type":"if","locations":[{"start":{"line":88,"column":2},"end":{"line":88,"column":2}},{"start":{"line":88,"column":2},"end":{"line":88,"column":2}}]},"12":{"line":92,"type":"if","locations":[{"start":{"line":92,"column":2},"end":{"line":92,"column":2}},{"start":{"line":92,"column":2},"end":{"line":92,"column":2}}]},"13":{"line":96,"type":"if","locations":[{"start":{"line":96,"column":2},"end":{"line":96,"column":2}},{"start":{"line":96,"column":2},"end":{"line":96,"column":2}}]}}},"C:\\Users\\NIL\\WebstormProjects\\NodeFramwork\\modules\\upload\\index.js":{"path":"C:\\Users\\NIL\\WebstormProjects\\NodeFramwork\\modules\\upload\\index.js","s":{"1":1,"2":1,"3":1,"4":1,"5":1,"6":1,"7":0,"8":1,"9":0,"10":1,"11":1,"12":1,"13":1,"14":1,"15":1,"16":0,"17":0,"18":1,"19":1},"b":{"1":[1,0],"2":[1,1],"3":[0,1],"4":[0,1]},"f":{"1":1,"2":1,"3":1,"4":1,"5":1},"fnMap":{"1":{"name":"(anonymous_1)","line":4,"loc":{"start":{"line":4,"column":14},"end":{"line":4,"column":39}}},"2":{"name":"(anonymous_2)","line":16,"loc":{"start":{"line":16,"column":11},"end":{"line":16,"column":36}}},"3":{"name":"(anonymous_3)","line":28,"loc":{"start":{"line":28,"column":12},"end":{"line":28,"column":18}}},"4":{"name":"(anonymous_4)","line":37,"loc":{"start":{"line":37,"column":11},"end":{"line":37,"column":22}}},"5":{"name":"(anonymous_5)","line":38,"loc":{"start":{"line":38,"column":19},"end":{"line":38,"column":36}}}},"statementMap":{"1":{"start":{"line":1,"column":0},"end":{"line":1,"column":31}},"2":{"start":{"line":2,"column":0},"end":{"line":2,"column":23}},"3":{"start":{"line":3,"column":0},"end":{"line":19,"column":3}},"4":{"start":{"line":6,"column":2},"end":{"line":14,"column":3}},"5":{"start":{"line":7,"column":3},"end":{"line":7,"column":56}},"6":{"start":{"line":8,"column":3},"end":{"line":10,"column":4}},"7":{"start":{"line":9,"column":4},"end":{"line":9,"column":28}},"8":{"start":{"line":11,"column":3},"end":{"line":11,"column":22}},"9":{"start":{"line":13,"column":3},"end":{"line":13,"column":28}},"10":{"start":{"line":17,"column":2},"end":{"line":17,"column":29}},"11":{"start":{"line":21,"column":0},"end":{"line":21,"column":56}},"12":{"start":{"line":27,"column":0},"end":{"line":51,"column":1}},"13":{"start":{"line":29,"column":2},"end":{"line":29,"column":39}},"14":{"start":{"line":38,"column":2},"end":{"line":49,"column":5}},"15":{"start":{"line":39,"column":3},"end":{"line":48,"column":4}},"16":{"start":{"line":40,"column":4},"end":{"line":40,"column":24}},"17":{"start":{"line":41,"column":4},"end":{"line":44,"column":7}},"18":{"start":{"line":46,"column":4},"end":{"line":46,"column":46}},"19":{"start":{"line":47,"column":4},"end":{"line":47,"column":67}}},"branchMap":{"1":{"line":6,"type":"if","locations":[{"start":{"line":6,"column":2},"end":{"line":6,"column":2}},{"start":{"line":6,"column":2},"end":{"line":6,"column":2}}]},"2":{"line":7,"type":"binary-expr","locations":[{"start":{"line":7,"column":19},"end":{"line":7,"column":41}},{"start":{"line":7,"column":45},"end":{"line":7,"column":55}}]},"3":{"line":8,"type":"if","locations":[{"start":{"line":8,"column":3},"end":{"line":8,"column":3}},{"start":{"line":8,"column":3},"end":{"line":8,"column":3}}]},"4":{"line":39,"type":"if","locations":[{"start":{"line":39,"column":3},"end":{"line":39,"column":3}},{"start":{"line":39,"column":3},"end":{"line":39,"column":3}}]}}}}