TN:
SF:C:\Users\NIL\WebstormProjects\NodeFramwork\app.js
FN:22,getRentals
FN:28,(anonymous_2)
FNF:2
FNH:2
FNDA:1,getRentals
FNDA:1,(anonymous_2)
DA:1,1
DA:2,1
DA:3,1
DA:4,1
DA:5,1
DA:6,1
DA:7,1
DA:8,1
DA:9,1
DA:11,1
DA:13,1
DA:14,1
DA:17,1
DA:19,1
DA:20,1
DA:22,1
DA:23,1
DA:28,1
DA:29,1
DA:30,1
DA:31,1
DA:35,1
LF:22
LH:22
BRDA:29,1,0,0
BRDA:29,1,1,1
BRF:2
BRH:1
end_of_record
TN:
SF:C:\Users\NIL\WebstormProjects\NodeFramwork\config\environments\index.js
FNF:0
FNH:0
DA:1,1
DA:2,1
DA:3,1
DA:4,1
DA:5,1
DA:6,1
LF:6
LH:6
BRDA:1,1,0,1
BRDA:1,1,1,1
BRDA:4,2,0,1
BRDA:4,2,1,1
BRF:4
BRH:4
end_of_record
TN:
SF:C:\Users\NIL\WebstormProjects\NodeFramwork\config\express.js
FN:31,setupCORS
FN:39,getAppPath
FN:51,configureApp
FNF:3
FNH:3
FNDA:1,setupCORS
FNDA:1,getAppPath
FNDA:1,configureApp
DA:3,1
DA:4,1
DA:5,1
DA:6,1
DA:7,1
DA:10,1
DA:13,1
DA:16,1
DA:19,1
DA:20,1
DA:23,1
DA:25,1
DA:28,1
DA:31,1
DA:32,1
DA:33,1
DA:36,1
DA:39,1
DA:40,1
DA:41,1
DA:42,1
DA:44,1
DA:45,0
DA:46,1
DA:47,1
DA:51,1
DA:52,1
DA:53,1
DA:54,1
DA:55,1
DA:56,1
DA:59,1
DA:60,1
DA:61,1
DA:64,1
DA:65,1
DA:66,1
DA:69,1
DA:72,1
DA:76,1
DA:78,1
LF:41
LH:40
BRDA:44,1,0,0
BRDA:44,1,1,1
BRDA:44,2,0,1
BRDA:44,2,1,1
BRDA:44,2,2,1
BRDA:46,3,0,1
BRDA:46,3,1,0
BRDA:46,4,0,1
BRDA:46,4,1,0
BRF:9
BRH:6
end_of_record
TN:
SF:C:\Users\NIL\WebstormProjects\NodeFramwork\config\logger.js
FN:17,(anonymous_1)
FNF:1
FNH:0
FNDA:0,(anonymous_1)
DA:1,1
DA:2,1
DA:3,1
DA:4,1
DA:17,1
DA:18,0
DA:20,1
LF:7
LH:6
BRF:0
BRH:0
end_of_record
TN:
SF:C:\Users\NIL\WebstormProjects\NodeFramwork\modules\index.js
FN:10,(anonymous_1)
FN:16,(anonymous_2)
FN:17,(anonymous_3)
FN:20,(anonymous_4)
FNF:4
FNH:4
FNDA:1,(anonymous_1)
FNDA:1,(anonymous_2)
FNDA:4,(anonymous_3)
FNDA:3,(anonymous_4)
DA:5,1
DA:6,1
DA:7,1
DA:8,1
DA:9,1
DA:12,1
DA:13,1
DA:17,1
DA:18,4
DA:19,4
DA:21,3
DA:22,3
LF:12
LH:12
BRDA:19,1,0,4
BRDA:19,1,1,4
BRF:2
BRH:2
end_of_record
TN:
SF:C:\Users\NIL\WebstormProjects\NodeFramwork\libs\response.js
FN:3,Response
FN:9,(anonymous_2)
FN:10,(anonymous_3)
FN:11,(anonymous_4)
FN:17,(anonymous_5)
FNF:5
FNH:5
FNDA:1,Response
FNDA:1,(anonymous_2)
FNDA:7,(anonymous_3)
FNDA:7,(anonymous_4)
FNDA:5,(anonymous_5)
DA:1,1
DA:3,1
DA:9,1
DA:10,1
DA:11,7
DA:12,7
DA:13,7
DA:15,7
DA:17,5
DA:18,5
DA:19,0
DA:20,0
DA:25,5
DA:26,5
DA:30,2
DA:36,1
LF:16
LH:14
BRDA:15,1,0,5
BRDA:15,1,1,2
BRDA:18,2,0,0
BRDA:18,2,1,5
BRF:4
BRH:3
end_of_record
TN:
SF:C:\Users\NIL\WebstormProjects\NodeFramwork\modules\auth\index.js
FN:15,(anonymous_1)
FN:24,(anonymous_2)
FNF:2
FNH:2
FNDA:1,(anonymous_1)
FNDA:2,(anonymous_2)
DA:1,1
DA:2,1
DA:14,1
DA:16,1
DA:25,2
DA:26,2
DA:27,2
DA:29,2
DA:30,2
DA:32,2
DA:33,1
DA:36,1
DA:37,1
DA:44,1
DA:45,1
DA:46,1
DA:47,1
DA:48,1
LF:18
LH:18
BRDA:32,1,0,1
BRDA:32,1,1,1
BRF:2
BRH:2
end_of_record
TN:
SF:C:\Users\NIL\WebstormProjects\NodeFramwork\modules\rentals\index.js
FN:6,(anonymous_1)
FN:18,(anonymous_2)
FN:27,(anonymous_3)
FN:69,(anonymous_4)
FN:109,(anonymous_5)
FNF:5
FNH:5
FNDA:1,(anonymous_1)
FNDA:1,(anonymous_2)
FNDA:1,(anonymous_3)
FNDA:1,(anonymous_4)
FNDA:1,(anonymous_5)
DA:1,1
DA:2,1
DA:5,1
DA:7,1
DA:8,1
DA:9,1
DA:10,1
DA:19,1
DA:28,1
DA:29,1
DA:30,1
DA:32,1
DA:33,1
DA:36,1
DA:37,1
DA:40,1
DA:41,1
DA:44,1
DA:45,1
DA:48,1
DA:49,1
DA:52,1
DA:53,1
DA:56,1
DA:59,0
DA:70,1
DA:71,1
DA:73,1
DA:74,1
DA:75,1
DA:76,1
DA:77,1
DA:80,1
DA:81,1
DA:84,1
DA:85,1
DA:88,1
DA:89,1
DA:92,1
DA:93,1
DA:96,1
DA:97,1
DA:100,1
DA:101,1
DA:110,1
DA:111,1
LF:46
LH:45
BRDA:30,1,0,1
BRDA:30,1,1,0
BRDA:32,2,0,1
BRDA:32,2,1,0
BRDA:36,3,0,1
BRDA:36,3,1,0
BRDA:40,4,0,1
BRDA:40,4,1,0
BRDA:44,5,0,1
BRDA:44,5,1,0
BRDA:48,6,0,1
BRDA:48,6,1,0
BRDA:52,7,0,1
BRDA:52,7,1,0
BRDA:76,8,0,1
BRDA:76,8,1,0
BRDA:80,9,0,1
BRDA:80,9,1,0
BRDA:84,10,0,1
BRDA:84,10,1,0
BRDA:88,11,0,1
BRDA:88,11,1,0
BRDA:92,12,0,1
BRDA:92,12,1,0
BRDA:96,13,0,1
BRDA:96,13,1,0
BRF:26
BRH:13
end_of_record
TN:
SF:C:\Users\NIL\WebstormProjects\NodeFramwork\modules\upload\index.js
FN:4,(anonymous_1)
FN:16,(anonymous_2)
FN:28,(anonymous_3)
FN:37,(anonymous_4)
FN:38,(anonymous_5)
FNF:5
FNH:5
FNDA:1,(anonymous_1)
FNDA:1,(anonymous_2)
FNDA:1,(anonymous_3)
FNDA:1,(anonymous_4)
FNDA:1,(anonymous_5)
DA:1,1
DA:2,1
DA:3,1
DA:6,1
DA:7,1
DA:8,1
DA:9,0
DA:11,1
DA:13,0
DA:17,1
DA:21,1
DA:27,1
DA:29,1
DA:38,1
DA:39,1
DA:40,0
DA:41,0
DA:46,1
DA:47,1
LF:19
LH:15
BRDA:6,1,0,1
BRDA:6,1,1,0
BRDA:7,2,0,1
BRDA:7,2,1,1
BRDA:8,3,0,0
BRDA:8,3,1,1
BRDA:39,4,0,0
BRDA:39,4,1,1
BRF:8
BRH:5
end_of_record
